Unity Editor version:    2020.3.17f1 (a4537701e4ab)
Branch:                  2020.3/staging
Build type:              Release
Batch mode:              YES
macOS version:           Version 11.6 (Build 20G165)
Darwin version:          20.6.0
Architecture:            x86_64
Running under Rosetta:   NO
Available memory:        16384 MB
Using pre-set license
Pro License: NO

COMMAND LINE ARGUMENTS:
/Applications/Unity/Hub/Editor/2020.3.17f1/Unity.app/Contents/MacOS/Unity
-adb2
-batchMode
-noUpm
-name
AssetImportWorker0
-projectPath
/Users/victorkildahlpetersen/OfficeGame
-logFile
Logs/AssetImportWorker0.log
-srvPort
50153
Successfully changed project path to: /Users/victorkildahlpetersen/OfficeGame
/Users/victorkildahlpetersen/OfficeGame
Using Asset Import Pipeline V2.
Refreshing native plugins compatible for Editor in 59.06 ms, found 4 plugins.
Preloading 0 native plugins for Editor in 0.00 ms.
Initialize engine version: 2020.3.17f1 (a4537701e4ab)
[Subsystems] Discovering subsystems at path /Applications/Unity/Hub/Editor/2020.3.17f1/Unity.app/Contents/Resources/UnitySubsystems
[Subsystems] Discovering subsystems at path /Users/victorkildahlpetersen/OfficeGame/Assets
GfxDevice: creating device client; threaded=0
2021-10-05 08:34:54.034 Unity[48864:1067951] Color LCD preferred device: Intel(R) UHD Graphics 630 (low power)
2021-10-05 08:34:54.034 Unity[48864:1067951] Metal devices available: 2
2021-10-05 08:34:54.035 Unity[48864:1067951] 0: AMD Radeon Pro 5500M (high power)
2021-10-05 08:34:54.035 Unity[48864:1067951] 1: Intel(R) UHD Graphics 630 (low power)
2021-10-05 08:34:54.035 Unity[48864:1067951] Using device AMD Radeon Pro 5500M (high power)
Initializing Metal device caps: AMD Radeon Pro 5500M
Initialize mono
Mono path[0] = '/Applications/Unity/Hub/Editor/2020.3.17f1/Unity.app/Contents/Managed'
Mono path[1] = '/Applications/Unity/Hub/Editor/2020.3.17f1/Unity.app/Contents/MonoBleedingEdge/lib/mono/unityjit'
Mono config path = '/Applications/Unity/Hub/Editor/2020.3.17f1/Unity.app/Contents/MonoBleedingEdge/etc'
Using monoOptions --debugger-agent=transport=dt_socket,embedding=1,server=y,suspend=n,address=127.0.0.1:56864
Begin MonoManager ReloadAssembly
Registering precompiled unity dll's ...
Register platform support module: /Applications/Unity/Hub/Editor/2020.3.17f1/PlaybackEngines/WebGLSupport/UnityEditor.WebGL.Extensions.dll
Register platform support module: /Applications/Unity/Hub/Editor/2020.3.17f1/Unity.app/Contents/PlaybackEngines/MacStandaloneSupport/UnityEditor.OSXStandalone.Extensions.dll
Registered in 0.000602 seconds.
Native extension for OSXStandalone target not found
Native extension for WebGL target not found
Refreshing native plugins compatible for Editor in 50.55 ms, found 4 plugins.
Preloading 0 native plugins for Editor in 0.00 ms.
Mono: successfully reloaded assembly
- Completed reload, in  1.419 seconds
Domain Reload Profiling:
	ReloadAssembly (1419ms)
		BeginReloadAssembly (43ms)
			ExecutionOrderSort (0ms)
			DisableScriptedObjects (0ms)
			BackupInstance (0ms)
			ReleaseScriptingObjects (0ms)
			CreateAndSetChildDomain (1ms)
		EndReloadAssembly (440ms)
			LoadAssemblies (42ms)
			RebuildTransferFunctionScriptingTraits (0ms)
			SetupTypeCache (169ms)
			ReleaseScriptCaches (0ms)
			RebuildScriptCaches (36ms)
			SetupLoadedEditorAssemblies (185ms)
				LogAssemblyErrors (0ms)
				InitializePlatformSupportModulesInManaged (4ms)
				SetLoadedEditorAssemblies (0ms)
				RefreshPlugins (51ms)
				BeforeProcessingInitializeOnLoad (9ms)
				ProcessInitializeOnLoadAttributes (93ms)
				ProcessInitializeOnLoadMethodAttributes (27ms)
				AfterProcessingInitializeOnLoad (0ms)
				EditorAssembliesLoaded (0ms)
			ExecutionOrderSort2 (0ms)
			AwakeInstancesAfterBackupRestoration (0ms)
Platform modules already initialized, skipping
Registering precompiled user dll's ...
Registered in 0.003248 seconds.
Begin MonoManager ReloadAssembly
Native extension for OSXStandalone target not found
Native extension for WebGL target not found
Refreshing native plugins compatible for Editor in 51.79 ms, found 4 plugins.
Preloading 0 native plugins for Editor in 0.00 ms.
Mono: successfully reloaded assembly
- Completed reload, in  1.214 seconds
Domain Reload Profiling:
	ReloadAssembly (1215ms)
		BeginReloadAssembly (151ms)
			ExecutionOrderSort (0ms)
			DisableScriptedObjects (5ms)
			BackupInstance (0ms)
			ReleaseScriptingObjects (0ms)
			CreateAndSetChildDomain (29ms)
		EndReloadAssembly (1003ms)
			LoadAssemblies (75ms)
			RebuildTransferFunctionScriptingTraits (0ms)
			SetupTypeCache (329ms)
			ReleaseScriptCaches (1ms)
			RebuildScriptCaches (60ms)
			SetupLoadedEditorAssemblies (413ms)
				LogAssemblyErrors (0ms)
				InitializePlatformSupportModulesInManaged (4ms)
				SetLoadedEditorAssemblies (0ms)
				RefreshPlugins (52ms)
				BeforeProcessingInitializeOnLoad (66ms)
				ProcessInitializeOnLoadAttributes (278ms)
				ProcessInitializeOnLoadMethodAttributes (11ms)
				AfterProcessingInitializeOnLoad (2ms)
				EditorAssembliesLoaded (0ms)
			ExecutionOrderSort2 (0ms)
			AwakeInstancesAfterBackupRestoration (6ms)
Platform modules already initialized, skipping
Validating Project structure ... 0.011225 seconds.
Shader import version has changed; will reimport all shaders...
Upgrading shader files ...0.009257 seconds.
Application.AssetDatabase Initial Script Refresh Start
RefreshInfo: InitialScriptRefreshV2(NoUpdateAssetOptions) scanfilter:  ... 1 filters
RefreshProfiler: Total: 0.000ms
Application.AssetDatabase Initial Script Refresh End
Application.AssetDatabase.Refresh Start
Application.AssetDatabase.Refresh End
RefreshInfo: StopAssetImportingV2(ForceSynchronousImport) scanfilter: 
RefreshProfiler: Total: 0.000ms
Launching external process: /Applications/Unity/Hub/Editor/2020.3.17f1/Unity.app/Contents/Tools/UnityShaderCompiler
Launched and connected shader compiler UnityShaderCompiler after 0.01 seconds
Initializing Unity extensions:
========================================================================
Worker process is ready to serve import requests
Refreshing native plugins compatible for Editor in 0.48 ms, found 4 plugins.
Preloading 0 native plugins for Editor in 0.00 ms.
Unloading 2112 Unused Serialized files (Serialized files now loaded: 0)
System memory in use before: 200.5 MB.
System memory in use after: 199.7 MB.

Unloading 119 unused Assets to reduce memory usage. Loaded Objects now: 2613.
Total: 3.556952 ms (FindLiveObjects: 0.202088 ms CreateObjectMapping: 0.079242 ms MarkObjects: 2.818766 ms  DeleteObjects: 0.456185 ms)

AssetImportParameters requested are different than current active one (requested -> active):
  custom:video-decoder-ogg-theora: a1e56fd34408186e4bbccfd4996cb3dc -> 
  custom:container-muxer-webm: aa71ff27fc2769a1b78a27578f13a17b -> 
  custom:container-demuxer-webm: 4f35f7cbe854078d1ac9338744f61a02 -> 
  custom:container-demuxer-ogg: 62fdf1f143b41e24485cea50d1cbac27 -> 
  custom:video-encoder-webm-vp8: eb34c28f22e8b96e1ab97ce403110664 -> 
  custom:framework-osx-AVFoundation: e770b220cccbd017edd2c1fefb359320 -> 
  custom:video-decoder-webm-vp8: 9c59270c3fd7afecdb556c50c9e8de78 -> 
  custom:audio-decoder-ogg-vorbis: bf7c407c2cedff20999df2af8eb42d56 -> 
  custom:audio-encoder-webm-vorbis: bf7c407c2cedff20999df2af8eb42d56 -> 
========================================================================
Received Import Request.
  path: Assets/Animation/Boss
  artifactKey: Guid(9bea00598a5e141f6bd89ca33d3c891d) Importer(815301076,1909f56bfc062723c751e8b465ee728b)
Start importing Assets/Animation/Boss using Guid(9bea00598a5e141f6bd89ca33d3c891d) Importer(815301076,1909f56bfc062723c751e8b465ee728b)  -> (artifact id: 'd9088d0d74fc816884d56eef9cb15f48') in 0.003997 seconds 
  Import took 0.007940 seconds .

========================================================================
Received Import Request.
  Time since last request: 19.215889 seconds.
  path: Assets/Characters/PNG/Woman 2 sheet.png
  artifactKey: Guid(347ab34590e4c48b8ab7806d9ce9e3c0) Importer(815301076,1909f56bfc062723c751e8b465ee728b)
Start importing Assets/Characters/PNG/Woman 2 sheet.png using Guid(347ab34590e4c48b8ab7806d9ce9e3c0) Importer(815301076,1909f56bfc062723c751e8b465ee728b)  -> (artifact id: 'd1c10ea5ad9485c8eba6f982c699a9bc') in 1.179414 seconds 
  Import took 1.182953 seconds .

========================================================================
Received Import Request.
  Time since last request: 67.948883 seconds.
  path: Assets/Characters/PNG/Boy sheet.png
  artifactKey: Guid(92b4d4e6ccd9d47dba4bb632f0786084) Importer(815301076,1909f56bfc062723c751e8b465ee728b)
Start importing Assets/Characters/PNG/Boy sheet.png using Guid(92b4d4e6ccd9d47dba4bb632f0786084) Importer(815301076,1909f56bfc062723c751e8b465ee728b)  -> (artifact id: '7738b9d87fa840b18557d2c052756faf') in 0.012725 seconds 
  Import took 0.016446 seconds .

========================================================================
Received Import Request.
  Time since last request: 0.000234 seconds.
  path: Assets/Characters/PNG/Old Man sheet.png
  artifactKey: Guid(2b04e47c1c49e49c1b1aeec8779c3d63) Importer(815301076,1909f56bfc062723c751e8b465ee728b)
Start importing Assets/Characters/PNG/Old Man sheet.png using Guid(2b04e47c1c49e49c1b1aeec8779c3d63) Importer(815301076,1909f56bfc062723c751e8b465ee728b)  -> (artifact id: 'b6c66b12a0a0ef463dab972e247e2bd2') in 0.008946 seconds 
  Import took 0.012320 seconds .

========================================================================
Received Import Request.
  Time since last request: 0.003967 seconds.
  path: Assets/Characters/PNG/Police Man sheet.png
  artifactKey: Guid(b9633a3db044b48cebd96fcd4c9b1a7b) Importer(815301076,1909f56bfc062723c751e8b465ee728b)
Start importing Assets/Characters/PNG/Police Man sheet.png using Guid(b9633a3db044b48cebd96fcd4c9b1a7b) Importer(815301076,1909f56bfc062723c751e8b465ee728b)  -> (artifact id: 'cfda1f9741e76181fd9c821e6a920988') in 0.009886 seconds 
  Import took 0.013827 seconds .

========================================================================
Received Import Request.
  Time since last request: 106.009483 seconds.
  path: Assets/Characters/PNG/Old Man sheet.png
  artifactKey: Guid(2b04e47c1c49e49c1b1aeec8779c3d63) Importer(815301076,1909f56bfc062723c751e8b465ee728b)
Start importing Assets/Characters/PNG/Old Man sheet.png using Guid(2b04e47c1c49e49c1b1aeec8779c3d63) Importer(815301076,1909f56bfc062723c751e8b465ee728b)  -> (artifact id: 'bee69204233c97513b13f8ffbd3d9a92') in 0.182580 seconds 
  Import took 0.186328 seconds .

========================================================================
Received Import Request.
  Time since last request: 717.136497 seconds.
  path: Assets/Animation/Boss/Boss_walk_down.anim
  artifactKey: Guid(03bd79cb0c604403090fb7f02a496709) Importer(815301076,1909f56bfc062723c751e8b465ee728b)
Start importing Assets/Animation/Boss/Boss_walk_down.anim using Guid(03bd79cb0c604403090fb7f02a496709) Importer(815301076,1909f56bfc062723c751e8b465ee728b)  -> (artifact id: 'a259dfa5d4a2e5092c6f88c0cb5dc134') in 1.060994 seconds 
  Import took 1.064683 seconds .

========================================================================
Received Import Request.
  Time since last request: 452.901906 seconds.
  path: Assets/Animation/Boss/Boss.controller
  artifactKey: Guid(81f87a368088d44a0ace44ba31be56c8) Importer(815301076,1909f56bfc062723c751e8b465ee728b)
Start importing Assets/Animation/Boss/Boss.controller using Guid(81f87a368088d44a0ace44ba31be56c8) Importer(815301076,1909f56bfc062723c751e8b465ee728b)  -> (artifact id: 'cc7c9f8aaf1442f1de3893376b588618') in 0.301287 seconds 
  Import took 0.304952 seconds .

========================================================================
Received Import Request.
  Time since last request: 81.453875 seconds.
  path: Assets/Animation/Boss/Boss_idle_down.anim
  artifactKey: Guid(33083ac420d654ebb8cec5bd4bbedfdc) Importer(815301076,1909f56bfc062723c751e8b465ee728b)
Start importing Assets/Animation/Boss/Boss_idle_down.anim using Guid(33083ac420d654ebb8cec5bd4bbedfdc) Importer(815301076,1909f56bfc062723c751e8b465ee728b)  -> (artifact id: '629219e66ddfdc8b96bd1502b2d071db') in 0.004441 seconds 
  Import took 0.008531 seconds .

========================================================================
Received Import Request.
  Time since last request: 6.736283 seconds.
  path: Assets/Animation/Woman/Player.controller
  artifactKey: Guid(a261268b3c77d43a7876eed2548be406) Importer(815301076,1909f56bfc062723c751e8b465ee728b)
Start importing Assets/Animation/Woman/Player.controller using Guid(a261268b3c77d43a7876eed2548be406) Importer(815301076,1909f56bfc062723c751e8b465ee728b)  -> (artifact id: 'f39d90a6e561bac3ac2fd7987f8fd109') in 0.005619 seconds 
  Import took 0.009575 seconds .

========================================================================
Received Prepare
Registering precompiled user dll's ...
Registered in 0.003921 seconds.
Begin MonoManager ReloadAssembly
Native extension for OSXStandalone target not found
Native extension for WebGL target not found
Refreshing native plugins compatible for Editor in 0.81 ms, found 4 plugins.
Preloading 0 native plugins for Editor in 0.00 ms.
Mono: successfully reloaded assembly
- Completed reload, in  1.613 seconds
Domain Reload Profiling:
	ReloadAssembly (1614ms)
		BeginReloadAssembly (153ms)
			ExecutionOrderSort (0ms)
			DisableScriptedObjects (7ms)
			BackupInstance (0ms)
			ReleaseScriptingObjects (0ms)
			CreateAndSetChildDomain (78ms)
		EndReloadAssembly (1386ms)
			LoadAssemblies (103ms)
			RebuildTransferFunctionScriptingTraits (0ms)
			SetupTypeCache (502ms)
			ReleaseScriptCaches (1ms)
			RebuildScriptCaches (75ms)
			SetupLoadedEditorAssemblies (549ms)
				LogAssemblyErrors (0ms)
				InitializePlatformSupportModulesInManaged (7ms)
				SetLoadedEditorAssemblies (1ms)
				RefreshPlugins (1ms)
				BeforeProcessingInitializeOnLoad (160ms)
				ProcessInitializeOnLoadAttributes (371ms)
				ProcessInitializeOnLoadMethodAttributes (8ms)
				AfterProcessingInitializeOnLoad (2ms)
				EditorAssembliesLoaded (0ms)
			ExecutionOrderSort2 (0ms)
			AwakeInstancesAfterBackupRestoration (14ms)
Platform modules already initialized, skipping
Refreshing native plugins compatible for Editor in 1.42 ms, found 4 plugins.
Preloading 0 native plugins for Editor in 0.00 ms.
Unloading 2101 Unused Serialized files (Serialized files now loaded: 0)
System memory in use before: 210.9 MB.
System memory in use after: 211.0 MB.

Unloading 34 unused Assets to reduce memory usage. Loaded Objects now: 2659.
Total: 5.186025 ms (FindLiveObjects: 0.445228 ms CreateObjectMapping: 0.182546 ms MarkObjects: 4.467297 ms  DeleteObjects: 0.089641 ms)

AssetImportParameters requested are different than current active one (requested -> active):
  custom:video-decoder-ogg-theora: a1e56fd34408186e4bbccfd4996cb3dc -> 
  custom:container-muxer-webm: aa71ff27fc2769a1b78a27578f13a17b -> 
  custom:container-demuxer-webm: 4f35f7cbe854078d1ac9338744f61a02 -> 
  custom:container-demuxer-ogg: 62fdf1f143b41e24485cea50d1cbac27 -> 
  custom:video-encoder-webm-vp8: eb34c28f22e8b96e1ab97ce403110664 -> 
  custom:framework-osx-AVFoundation: e770b220cccbd017edd2c1fefb359320 -> 
  custom:video-decoder-webm-vp8: 9c59270c3fd7afecdb556c50c9e8de78 -> 
  custom:audio-decoder-ogg-vorbis: bf7c407c2cedff20999df2af8eb42d56 -> 
  custom:audio-encoder-webm-vorbis: bf7c407c2cedff20999df2af8eb42d56 -> 
========================================================================
Received Import Request.
  Time since last request: 188.796714 seconds.
  path: Assets/Animation/Nerd
  artifactKey: Guid(91460426904c84d0c99226a496ac4e84) Importer(815301076,1909f56bfc062723c751e8b465ee728b)
Start importing Assets/Animation/Nerd using Guid(91460426904c84d0c99226a496ac4e84) Importer(815301076,1909f56bfc062723c751e8b465ee728b)  -> (artifact id: '7a8df0444043a8d5c39de942d3a95a3f') in 0.004224 seconds 
  Import took 0.007986 seconds .

========================================================================
Received Import Request.
  Time since last request: 112.686178 seconds.
  path: Assets/Characters/PNG/Woman 2 sheet.png
  artifactKey: Guid(347ab34590e4c48b8ab7806d9ce9e3c0) Importer(815301076,1909f56bfc062723c751e8b465ee728b)
Start importing Assets/Characters/PNG/Woman 2 sheet.png using Guid(347ab34590e4c48b8ab7806d9ce9e3c0) Importer(815301076,1909f56bfc062723c751e8b465ee728b)  -> (artifact id: 'fb8421e1a64180fa27254c1318783565') in 0.148933 seconds 
  Import took 0.152749 seconds .

========================================================================
Received Import Request.
  Time since last request: 72.189430 seconds.
  path: Assets/Characters/PNG/Police Man sheet.png
  artifactKey: Guid(b9633a3db044b48cebd96fcd4c9b1a7b) Importer(815301076,1909f56bfc062723c751e8b465ee728b)
Start importing Assets/Characters/PNG/Police Man sheet.png using Guid(b9633a3db044b48cebd96fcd4c9b1a7b) Importer(815301076,1909f56bfc062723c751e8b465ee728b)  -> (artifact id: '73a1416b3c62c8bf6dde4b5d3c0f234b') in 0.136079 seconds 
  Import took 0.139750 seconds .

========================================================================
Received Import Request.
  Time since last request: 31.902232 seconds.
  path: Assets/Characters/PNG/Boy sheet.png
  artifactKey: Guid(92b4d4e6ccd9d47dba4bb632f0786084) Importer(815301076,1909f56bfc062723c751e8b465ee728b)
Start importing Assets/Characters/PNG/Boy sheet.png using Guid(92b4d4e6ccd9d47dba4bb632f0786084) Importer(815301076,1909f56bfc062723c751e8b465ee728b)  -> (artifact id: 'b930459291b772217dafa42463d3b75e') in 0.117766 seconds 
  Import took 0.121336 seconds .

========================================================================
Received Import Request.
  Time since last request: 163.276030 seconds.
  path: Assets/Animation/Boss/Boss_idle_left.anim
  artifactKey: Guid(2256cd1ccb4dc4ec7899e5080e171821) Importer(815301076,1909f56bfc062723c751e8b465ee728b)
Start importing Assets/Animation/Boss/Boss_idle_left.anim using Guid(2256cd1ccb4dc4ec7899e5080e171821) Importer(815301076,1909f56bfc062723c751e8b465ee728b)  -> (artifact id: '64ba4dda9ff6dc7533c077f4b34f4c68') in 0.002665 seconds 
  Import took 0.006481 seconds .

========================================================================
Received Import Request.
  Time since last request: 0.002145 seconds.
  path: Assets/Animation/Boss/Boss_idle_left.anim
  artifactKey: Guid(2256cd1ccb4dc4ec7899e5080e171821) Importer(815301076,1909f56bfc062723c751e8b465ee728b)
Start importing Assets/Animation/Boss/Boss_idle_left.anim using Guid(2256cd1ccb4dc4ec7899e5080e171821) Importer(815301076,1909f56bfc062723c751e8b465ee728b)  -> (artifact id: '64ba4dda9ff6dc7533c077f4b34f4c68') in 0.001905 seconds 
  Import took 0.005099 seconds .

========================================================================
Received Import Request.
  Time since last request: 1.025416 seconds.
  path: Assets/Animation/Boss/Boss_idle_down.anim
  artifactKey: Guid(33083ac420d654ebb8cec5bd4bbedfdc) Importer(815301076,1909f56bfc062723c751e8b465ee728b)
Start importing Assets/Animation/Boss/Boss_idle_down.anim using Guid(33083ac420d654ebb8cec5bd4bbedfdc) Importer(815301076,1909f56bfc062723c751e8b465ee728b)  -> (artifact id: 'ca6acae8fb25e05b6d81a8186ae374c3') in 0.002101 seconds 
  Import took 0.006703 seconds .

========================================================================
Received Import Request.
  Time since last request: 1.811071 seconds.
  path: Assets/Animation/Boss/Boss_idle_up.anim
  artifactKey: Guid(7f6dd1a9371d9415ca6c9de2fcc6e3b9) Importer(815301076,1909f56bfc062723c751e8b465ee728b)
Start importing Assets/Animation/Boss/Boss_idle_up.anim using Guid(7f6dd1a9371d9415ca6c9de2fcc6e3b9) Importer(815301076,1909f56bfc062723c751e8b465ee728b)  -> (artifact id: '942e5a0630612fcd517ab0666b82cad6') in 0.003503 seconds 
  Import took 0.007967 seconds .

========================================================================
Received Import Request.
  Time since last request: 0.004549 seconds.
  path: Assets/Animation/Boss/Boss_idle_up.anim
  artifactKey: Guid(7f6dd1a9371d9415ca6c9de2fcc6e3b9) Importer(815301076,1909f56bfc062723c751e8b465ee728b)
Start importing Assets/Animation/Boss/Boss_idle_up.anim using Guid(7f6dd1a9371d9415ca6c9de2fcc6e3b9) Importer(815301076,1909f56bfc062723c751e8b465ee728b)  -> (artifact id: '942e5a0630612fcd517ab0666b82cad6') in 0.001943 seconds 
  Import took 0.005438 seconds .

========================================================================
Received Import Request.
  Time since last request: 5.846531 seconds.
  path: Assets/Animation/Boss/Boss.controller
  artifactKey: Guid(81f87a368088d44a0ace44ba31be56c8) Importer(815301076,1909f56bfc062723c751e8b465ee728b)
Start importing Assets/Animation/Boss/Boss.controller using Guid(81f87a368088d44a0ace44ba31be56c8) Importer(815301076,1909f56bfc062723c751e8b465ee728b)  -> (artifact id: '8e3520be47ea5e44f8630ff8fdf36d3d') in 0.003454 seconds 
  Import took 0.007415 seconds .

========================================================================
Received Import Request.
  Time since last request: 6.440412 seconds.
  path: Assets/Animation/Boss/Boss_walk_right.anim
  artifactKey: Guid(82d5611c1869a44bca4813d4cd726b01) Importer(815301076,1909f56bfc062723c751e8b465ee728b)
Start importing Assets/Animation/Boss/Boss_walk_right.anim using Guid(82d5611c1869a44bca4813d4cd726b01) Importer(815301076,1909f56bfc062723c751e8b465ee728b)  -> (artifact id: '0a9de2056cf12a0c19e8e7bc5c36ab9a') in 0.002030 seconds 
  Import took 0.006666 seconds .

========================================================================
Received Import Request.
  Time since last request: 0.002776 seconds.
  path: Assets/Animation/Boss/Boss_walk_right.anim
  artifactKey: Guid(82d5611c1869a44bca4813d4cd726b01) Importer(815301076,1909f56bfc062723c751e8b465ee728b)
Start importing Assets/Animation/Boss/Boss_walk_right.anim using Guid(82d5611c1869a44bca4813d4cd726b01) Importer(815301076,1909f56bfc062723c751e8b465ee728b)  -> (artifact id: '0a9de2056cf12a0c19e8e7bc5c36ab9a') in 0.001882 seconds 
  Import took 0.005518 seconds .

========================================================================
Received Import Request.
  Time since last request: 21.697794 seconds.
  path: Assets/Animation/Nerd/Nerd_idle_up.anim
  artifactKey: Guid(81dac0115f2b644dcb4505a0e56840ba) Importer(815301076,1909f56bfc062723c751e8b465ee728b)
Start importing Assets/Animation/Nerd/Nerd_idle_up.anim using Guid(81dac0115f2b644dcb4505a0e56840ba) Importer(815301076,1909f56bfc062723c751e8b465ee728b)  -> (artifact id: 'ccfd9f55704d522c784c6b5a72a7f4ec') in 0.002330 seconds 
  Import took 0.007262 seconds .

========================================================================
Received Prepare
Registering precompiled user dll's ...
Registered in 0.003758 seconds.
Begin MonoManager ReloadAssembly
Native extension for OSXStandalone target not found
Native extension for WebGL target not found
Refreshing native plugins compatible for Editor in 1.09 ms, found 4 plugins.
Preloading 0 native plugins for Editor in 0.00 ms.
Mono: successfully reloaded assembly
- Completed reload, in  1.422 seconds
Domain Reload Profiling:
	ReloadAssembly (1423ms)
		BeginReloadAssembly (167ms)
			ExecutionOrderSort (0ms)
			DisableScriptedObjects (7ms)
			BackupInstance (0ms)
			ReleaseScriptingObjects (0ms)
			CreateAndSetChildDomain (79ms)
		EndReloadAssembly (1176ms)
			LoadAssemblies (106ms)
			RebuildTransferFunctionScriptingTraits (0ms)
			SetupTypeCache (396ms)
			ReleaseScriptCaches (1ms)
			RebuildScriptCaches (62ms)
			SetupLoadedEditorAssemblies (481ms)
				LogAssemblyErrors (0ms)
				InitializePlatformSupportModulesInManaged (6ms)
				SetLoadedEditorAssemblies (1ms)
				RefreshPlugins (1ms)
				BeforeProcessingInitializeOnLoad (133ms)
				ProcessInitializeOnLoadAttributes (332ms)
				ProcessInitializeOnLoadMethodAttributes (6ms)
				AfterProcessingInitializeOnLoad (2ms)
				EditorAssembliesLoaded (0ms)
			ExecutionOrderSort2 (0ms)
			AwakeInstancesAfterBackupRestoration (12ms)
Platform modules already initialized, skipping
Refreshing native plugins compatible for Editor in 0.92 ms, found 4 plugins.
Preloading 0 native plugins for Editor in 0.00 ms.
Unloading 2101 Unused Serialized files (Serialized files now loaded: 0)
System memory in use before: 212.0 MB.
System memory in use after: 212.2 MB.

Unloading 33 unused Assets to reduce memory usage. Loaded Objects now: 2709.
Total: 3.182908 ms (FindLiveObjects: 0.216613 ms CreateObjectMapping: 0.081657 ms MarkObjects: 2.864533 ms  DeleteObjects: 0.018822 ms)

AssetImportParameters requested are different than current active one (requested -> active):
  custom:video-decoder-ogg-theora: a1e56fd34408186e4bbccfd4996cb3dc -> 
  custom:container-muxer-webm: aa71ff27fc2769a1b78a27578f13a17b -> 
  custom:container-demuxer-webm: 4f35f7cbe854078d1ac9338744f61a02 -> 
  custom:container-demuxer-ogg: 62fdf1f143b41e24485cea50d1cbac27 -> 
  custom:video-encoder-webm-vp8: eb34c28f22e8b96e1ab97ce403110664 -> 
  custom:framework-osx-AVFoundation: e770b220cccbd017edd2c1fefb359320 -> 
  custom:video-decoder-webm-vp8: 9c59270c3fd7afecdb556c50c9e8de78 -> 
  custom:audio-decoder-ogg-vorbis: bf7c407c2cedff20999df2af8eb42d56 -> 
  custom:audio-encoder-webm-vorbis: bf7c407c2cedff20999df2af8eb42d56 -> 
